[2023-11-20 09:21:39,075: INFO: main: >>>>>> stage Data Ingestion stage started <<<<<<]
[2023-11-20 09:21:39,075: INFO: common: yaml file: config\config.yaml loaded successfully]
[2023-11-20 09:21:39,075: INFO: common: yaml file: params.yaml loaded successfully]
[2023-11-20 09:21:39,075: INFO: common: yaml file: schema.yaml loaded successfully]
[2023-11-20 09:21:39,075: INFO: common: created directory at: artifacts]
[2023-11-20 09:21:39,075: INFO: common: created directory at: artifacts/data_ingestion]
[2023-11-20 09:21:40,446: INFO: data_ingestion: artifacts/data_ingestion/data.zip download! with following info: 
Connection: close
Content-Length: 23329
Cache-Control: max-age=300
Content-Security-Policy: default-src 'none'; style-src 'unsafe-inline'; sandbox
Content-Type: application/zip
ETag: "c69888a4ae59bc5a893392785a938ccd4937981c06ba8a9d6a21aa52b4ab5b6e"
Strict-Transport-Security: max-age=31536000
X-Content-Type-Options: nosniff
X-Frame-Options: deny
X-XSS-Protection: 1; mode=block
X-GitHub-Request-Id: 877A:10EE:5E1774:755228:655AD324
Accept-Ranges: bytes
Date: Mon, 20 Nov 2023 03:51:40 GMT
Via: 1.1 varnish
X-Served-By: cache-maa10250-MAA
X-Cache: HIT
X-Cache-Hits: 1
X-Timer: S1700452300.444301,VS0,VE285
Vary: Authorization,Accept-Encoding,Origin
Access-Control-Allow-Origin: *
Cross-Origin-Resource-Policy: cross-origin
X-Fastly-Request-ID: 95dbba8216e4a92efe4d68b736f7552dc5798d57
Expires: Mon, 20 Nov 2023 03:56:40 GMT
Source-Age: 0

]
[2023-11-20 09:21:40,459: INFO: main: >>>>>> stage Data Ingestion stage completed <<<<<<

x==========x]
